[debug] [2023-08-30T17:57:26.137Z] ----------------------------------------------------------------------
[debug] [2023-08-30T17:57:26.140Z] Command:       C:\Program Files\nodejs\node.exe C:\Users\Rupam KARMAKAR\AppData\Roaming\npm\node_modules\firebase-tools\lib\bin\firebase.js init
[debug] [2023-08-30T17:57:26.141Z] CLI Version:   12.5.2
[debug] [2023-08-30T17:57:26.142Z] Platform:      win32
[debug] [2023-08-30T17:57:26.142Z] Node Version:  v18.12.1
[debug] [2023-08-30T17:57:26.144Z] Time:          Wed Aug 30 2023 23:27:26 GMT+0530 (India Standard Time)
[debug] [2023-08-30T17:57:26.144Z] ----------------------------------------------------------------------
[debug] 
[debug] [2023-08-30T17:57:26.158Z] > command requires scopes: ["email","openid","https://www.googleapis.com/auth/cloudplatformprojects.readonly","https://www.googleapis.com/auth/firebase","https://www.googleapis.com/auth/cloud-platform"]
[debug] [2023-08-30T17:57:26.159Z] > authorizing via signed-in user (rassesports@gmail.com)
[info] 
     ######## #### ########  ######## ########     ###     ######  ########
     ##        ##  ##     ## ##       ##     ##  ##   ##  ##       ##
     ######    ##  ########  ######   ########  #########  ######  ######
     ##        ##  ##    ##  ##       ##     ## ##     ##       ## ##
     ##       #### ##     ## ######## ########  ##     ##  ######  ########

You're about to initialize a Firebase project in this directory:

  E:\CYBERFICTION-SOURCE-CODE

[info] 
=== Project Setup
[info] 
[info] First, let's associate this project directory with a Firebase project.
[info] You can create multiple project aliases by running firebase use --add, 
[info] but for now we'll just set up a default project.
[info] 
[debug] [2023-08-30T17:58:00.313Z] >>> [apiv2][query] GET https://firebase.googleapis.com/v1beta1/projects pageSize=100
[debug] [2023-08-30T17:58:01.516Z] <<< [apiv2][status] GET https://firebase.googleapis.com/v1beta1/projects 200
[debug] [2023-08-30T17:58:01.517Z] <<< [apiv2][body] GET https://firebase.googleapis.com/v1beta1/projects [omitted]
[info] i  Using project rass-esports (RASS eSports) 
[info] 
=== Hosting Setup
[info] 
[info] Your public directory is the folder (relative to your project directory) that
[info] will contain Hosting assets to be uploaded with firebase deploy. If you
[info] have a build process for your assets, use your build's output directory.
[info] 
